<?xml version="1.0" encoding="UTF-8"?>
<!-- Generated by org.testng.reporters.JUnitXMLReporter -->
<testsuite ignored="0" hostname="m-c9kpjhcv0g" failures="0" tests="2" name="/Users/k0d0866/IdeaProjects/Integration_testing/src/test/java/TestSuite/Login.java" time="91.011" errors="0" timestamp="2023-01-16T20:50:45 IST">
  <testcase classname="TestSuite.Login" name="appLaunch" time="90.801"/>
  <testcase classname="TestSuite.Login" name="loginValidation" time="0.1"/>
</testsuite> <!-- /Users/k0d0866/IdeaProjects/Integration_testing/src/test/java/TestSuite/Login.java -->
