<?xml version="1.0" encoding="UTF-8"?>
<testsuite xmlns:xsi="http://www.w3.org/2001/XMLSchema-instance" xsi:noNamespaceSchemaLocation="https://maven.apache.org/surefire/maven-surefire-plugin/xsd/surefire-test-report-3.0.xsd" version="3.0" name="TestSuite" time="39.367" tests="2" errors="0" skipped="0" failures="1">
  <properties>
[...]
</properties>
  <testcase name="appLaunch" classname="TestSuite.Login" time="17.478">
    <system-out><![CDATA[Exception Caught in entering user id and passwordBuild info: version: '4.7.1', revision: 'c6795baf1a3'
System info: os.name: 'Mac OS X', os.arch: 'aarch64', os.version: '12.6.2', java.version: '19'
Driver info: org.openqa.selenium.safari.SafariDriver
Command: [27807485-C353-47F7-9960-7497CE09AE82, findElements {using=xpath, value=//*[@id= 'username1']}]
Capabilities {acceptInsecureCerts: false, browserName: Safari, browserVersion: 16.2, platformName: MAC, safari:automaticInspection: false, safari:automaticProfiling: false, safari:diagnose: false, safari:platformBuildVersion: 21G320, safari:platformVersion: 12.6.2, safari:useSimulator: false, setWindowRect: true, strictFileInteractability: false, webkit:WebRTC: {DisableICECandidateFiltering: false, DisableInsecureMediaCapture: false}}
Session ID: 27807485-C353-47F7-9960-7497CE09AE82
]]></system-out>
    <system-err><![CDATA[SLF4J: Failed to load class "org.slf4j.impl.StaticLoggerBinder".
SLF4J: Defaulting to no-operation (NOP) logger implementation
SLF4J: See http://www.slf4j.org/codes.html#StaticLoggerBinder for further details.
Jan 16, 2023 8:41:09 PM org.openqa.selenium.remote.ErrorCodes toStatus
INFO: HTTP Status: '408' -> incorrect JSON status mapping for 'timeout' (500 expected)
]]></system-err>
  </testcase>
  <testcase name="loginValidation" classname="TestSuite.Login" time="16.525">
    <failure message="expected [Hello, Kiran Kumar Dash] but found [null]" type="java.lang.AssertionError"><![CDATA[java.lang.AssertionError: expected [Hello, Kiran Kumar Dash] but found [null]
	at TestSuite.Login.loginValidation(Login.java:35)
]]></failure>
    <system-out><![CDATA[Exception CaughtBuild info: version: '4.7.1', revision: 'c6795baf1a3'
System info: os.name: 'Mac OS X', os.arch: 'aarch64', os.version: '12.6.2', java.version: '19'
Driver info: org.openqa.selenium.safari.SafariDriver
Command: [27807485-C353-47F7-9960-7497CE09AE82, findElement {using=xpath, value=//*[text()='Hello, Kiran Kumar Dash']}]
Capabilities {acceptInsecureCerts: false, browserName: Safari, browserVersion: 16.2, platformName: MAC, safari:automaticInspection: false, safari:automaticProfiling: false, safari:diagnose: false, safari:platformBuildVersion: 21G320, safari:platformVersion: 12.6.2, safari:useSimulator: false, setWindowRect: true, strictFileInteractability: false, webkit:WebRTC: {DisableICECandidateFiltering: false, DisableInsecureMediaCapture: false}}
Session ID: 27807485-C353-47F7-9960-7497CE09AE82
]]></system-out>
    <system-err><![CDATA[Jan 16, 2023 8:41:31 PM org.openqa.selenium.remote.ErrorCodes toStatus
INFO: HTTP Status: '408' -> incorrect JSON status mapping for 'timeout' (500 expected)
]]></system-err>
  </testcase>
</testsuite>