-------------------------------------------------------------------------------
Test set: TestSuite
-------------------------------------------------------------------------------
Tests run: 2, Failures: 1, Errors: 0, Skipped: 0, Time elapsed: 39.367 s <<< FAILURE! - in TestSuite
TestSuite.Login.loginValidation  Time elapsed: 16.525 s  <<< FAILURE!
java.lang.AssertionError: expected [Hello, Kiran Kumar Dash] but found [null]
	at TestSuite.Login.loginValidation(Login.java:35)

